Determining if the pthread_create exist failed with the following output:
Change Dir: /home/ariel/Escritorio/Prueba/CMakeFiles/CMakeTmp

Run Build Command(s):/usr/bin/make cmTC_9e2ac/fast 
/usr/bin/make -f CMakeFiles/cmTC_9e2ac.dir/build.make CMakeFiles/cmTC_9e2ac.dir/build
make[1]: se entra en el directorio '/home/ariel/Escritorio/Prueba/CMakeFiles/CMakeTmp'
Building C object CMakeFiles/cmTC_9e2ac.dir/CheckSymbolExists.c.o
/usr/bin/cc    -o CMakeFiles/cmTC_9e2ac.dir/CheckSymbolExists.c.o   -c /home/ariel/Escritorio/Prueba/CMakeFiles/CMakeTmp/CheckSymbolExists.c
Linking C executable cmTC_9e2ac
/usr/local/bin/cmake -E cmake_link_script CMakeFiles/cmTC_9e2ac.dir/link.txt --verbose=1
/usr/bin/cc      CMakeFiles/cmTC_9e2ac.dir/CheckSymbolExists.c.o  -o cmTC_9e2ac 
CMakeFiles/cmTC_9e2ac.dir/CheckSymbolExists.c.o: En la función `main':
CheckSymbolExists.c:(.text+0x1b): referencia a `pthread_create' sin definir
collect2: error: ld returned 1 exit status
CMakeFiles/cmTC_9e2ac.dir/build.make:86: recipe for target 'cmTC_9e2ac' failed
make[1]: *** [cmTC_9e2ac] Error 1
make[1]: se sale del directorio '/home/ariel/Escritorio/Prueba/CMakeFiles/CMakeTmp'
Makefile:121: recipe for target 'cmTC_9e2ac/fast' failed
make: *** [cmTC_9e2ac/fast] Error 2

File /home/ariel/Escritorio/Prueba/CMakeFiles/CMakeTmp/CheckSymbolExists.c:
/* */
#include <pthread.h>

int main(int argc, char** argv)
{
  (void)argv;
#ifndef pthread_create
  return ((int*)(&pthread_create))[argc];
#else
  (void)argc;
  return 0;
#endif
}

Determining if the function pthread_create exists in the pthreads failed with the following output:
Change Dir: /home/ariel/Escritorio/Prueba/CMakeFiles/CMakeTmp

Run Build Command(s):/usr/bin/make cmTC_6741b/fast 
/usr/bin/make -f CMakeFiles/cmTC_6741b.dir/build.make CMakeFiles/cmTC_6741b.dir/build
make[1]: se entra en el directorio '/home/ariel/Escritorio/Prueba/CMakeFiles/CMakeTmp'
Building C object CMakeFiles/cmTC_6741b.dir/CheckFunctionExists.c.o
/usr/bin/cc   -DCHECK_FUNCTION_EXISTS=pthread_create   -o CMakeFiles/cmTC_6741b.dir/CheckFunctionExists.c.o   -c /usr/local/share/cmake-3.14/Modules/CheckFunctionExists.c
Linking C executable cmTC_6741b
/usr/local/bin/cmake -E cmake_link_script CMakeFiles/cmTC_6741b.dir/link.txt --verbose=1
/usr/bin/cc  -DCHECK_FUNCTION_EXISTS=pthread_create    CMakeFiles/cmTC_6741b.dir/CheckFunctionExists.c.o  -o cmTC_6741b -lpthreads 
/usr/bin/ld: no se puede encontrar -lpthreads
collect2: error: ld returned 1 exit status
CMakeFiles/cmTC_6741b.dir/build.make:86: recipe for target 'cmTC_6741b' failed
make[1]: *** [cmTC_6741b] Error 1
make[1]: se sale del directorio '/home/ariel/Escritorio/Prueba/CMakeFiles/CMakeTmp'
Makefile:121: recipe for target 'cmTC_6741b/fast' failed
make: *** [cmTC_6741b/fast] Error 2


Determining if the pthread_create exist failed with the following output:
Change Dir: /home/ariel/Escritorio/Caca2/TP4---Portal/CMakeFiles/CMakeTmp

Run Build Command(s):/usr/bin/make cmTC_c86be/fast 
/usr/bin/make -f CMakeFiles/cmTC_c86be.dir/build.make CMakeFiles/cmTC_c86be.dir/build
make[1]: se entra en el directorio '/home/ariel/Escritorio/Caca2/TP4---Portal/CMakeFiles/CMakeTmp'
Building C object CMakeFiles/cmTC_c86be.dir/CheckSymbolExists.c.o
/usr/bin/cc    -o CMakeFiles/cmTC_c86be.dir/CheckSymbolExists.c.o   -c /home/ariel/Escritorio/Caca2/TP4---Portal/CMakeFiles/CMakeTmp/CheckSymbolExists.c
Linking C executable cmTC_c86be
/usr/local/bin/cmake -E cmake_link_script CMakeFiles/cmTC_c86be.dir/link.txt --verbose=1
/usr/bin/cc      CMakeFiles/cmTC_c86be.dir/CheckSymbolExists.c.o  -o cmTC_c86be 
CMakeFiles/cmTC_c86be.dir/CheckSymbolExists.c.o: En la función `main':
CheckSymbolExists.c:(.text+0x1b): referencia a `pthread_create' sin definir
collect2: error: ld returned 1 exit status
CMakeFiles/cmTC_c86be.dir/build.make:86: recipe for target 'cmTC_c86be' failed
make[1]: *** [cmTC_c86be] Error 1
make[1]: se sale del directorio '/home/ariel/Escritorio/Caca2/TP4---Portal/CMakeFiles/CMakeTmp'
Makefile:121: recipe for target 'cmTC_c86be/fast' failed
make: *** [cmTC_c86be/fast] Error 2

File /home/ariel/Escritorio/Caca2/TP4---Portal/CMakeFiles/CMakeTmp/CheckSymbolExists.c:
/* */
#include <pthread.h>

int main(int argc, char** argv)
{
  (void)argv;
#ifndef pthread_create
  return ((int*)(&pthread_create))[argc];
#else
  (void)argc;
  return 0;
#endif
}

Determining if the function pthread_create exists in the pthreads failed with the following output:
Change Dir: /home/ariel/Escritorio/Caca2/TP4---Portal/CMakeFiles/CMakeTmp

Run Build Command(s):/usr/bin/make cmTC_8fd77/fast 
/usr/bin/make -f CMakeFiles/cmTC_8fd77.dir/build.make CMakeFiles/cmTC_8fd77.dir/build
make[1]: se entra en el directorio '/home/ariel/Escritorio/Caca2/TP4---Portal/CMakeFiles/CMakeTmp'
Building C object CMakeFiles/cmTC_8fd77.dir/CheckFunctionExists.c.o
/usr/bin/cc   -DCHECK_FUNCTION_EXISTS=pthread_create   -o CMakeFiles/cmTC_8fd77.dir/CheckFunctionExists.c.o   -c /usr/local/share/cmake-3.14/Modules/CheckFunctionExists.c
Linking C executable cmTC_8fd77
/usr/local/bin/cmake -E cmake_link_script CMakeFiles/cmTC_8fd77.dir/link.txt --verbose=1
/usr/bin/cc  -DCHECK_FUNCTION_EXISTS=pthread_create    CMakeFiles/cmTC_8fd77.dir/CheckFunctionExists.c.o  -o cmTC_8fd77 -lpthreads 
/usr/bin/ld: no se puede encontrar -lpthreads
collect2: error: ld returned 1 exit status
CMakeFiles/cmTC_8fd77.dir/build.make:86: recipe for target 'cmTC_8fd77' failed
make[1]: *** [cmTC_8fd77] Error 1
make[1]: se sale del directorio '/home/ariel/Escritorio/Caca2/TP4---Portal/CMakeFiles/CMakeTmp'
Makefile:121: recipe for target 'cmTC_8fd77/fast' failed
make: *** [cmTC_8fd77/fast] Error 2


Determining if the pthread_create exist failed with the following output:
Change Dir: /home/seba/Desktop/taller/TP4---Portal/CMakeFiles/CMakeTmp

Run Build Command(s):/usr/bin/make cmTC_40219/fast 
/usr/bin/make -f CMakeFiles/cmTC_40219.dir/build.make CMakeFiles/cmTC_40219.dir/build
make[1]: Entering directory '/home/seba/Desktop/taller/TP4---Portal/CMakeFiles/CMakeTmp'
Building C object CMakeFiles/cmTC_40219.dir/CheckSymbolExists.c.o
/usr/bin/cc    -o CMakeFiles/cmTC_40219.dir/CheckSymbolExists.c.o   -c /home/seba/Desktop/taller/TP4---Portal/CMakeFiles/CMakeTmp/CheckSymbolExists.c
Linking C executable cmTC_40219
/usr/local/bin/cmake -E cmake_link_script CMakeFiles/cmTC_40219.dir/link.txt --verbose=1
/usr/bin/cc      CMakeFiles/cmTC_40219.dir/CheckSymbolExists.c.o  -o cmTC_40219 
CMakeFiles/cmTC_40219.dir/CheckSymbolExists.c.o: In function `main':
CheckSymbolExists.c:(.text+0x1b): undefined reference to `pthread_create'
collect2: error: ld returned 1 exit status
CMakeFiles/cmTC_40219.dir/build.make:86: recipe for target 'cmTC_40219' failed
make[1]: *** [cmTC_40219] Error 1
make[1]: Leaving directory '/home/seba/Desktop/taller/TP4---Portal/CMakeFiles/CMakeTmp'
Makefile:121: recipe for target 'cmTC_40219/fast' failed
make: *** [cmTC_40219/fast] Error 2

File /home/seba/Desktop/taller/TP4---Portal/CMakeFiles/CMakeTmp/CheckSymbolExists.c:
/* */
#include <pthread.h>

int main(int argc, char** argv)
{
  (void)argv;
#ifndef pthread_create
  return ((int*)(&pthread_create))[argc];
#else
  (void)argc;
  return 0;
#endif
}

Determining if the function pthread_create exists in the pthreads failed with the following output:
Change Dir: /home/seba/Desktop/taller/TP4---Portal/CMakeFiles/CMakeTmp

Run Build Command(s):/usr/bin/make cmTC_38a62/fast 
/usr/bin/make -f CMakeFiles/cmTC_38a62.dir/build.make CMakeFiles/cmTC_38a62.dir/build
make[1]: Entering directory '/home/seba/Desktop/taller/TP4---Portal/CMakeFiles/CMakeTmp'
Building C object CMakeFiles/cmTC_38a62.dir/CheckFunctionExists.c.o
/usr/bin/cc   -DCHECK_FUNCTION_EXISTS=pthread_create   -o CMakeFiles/cmTC_38a62.dir/CheckFunctionExists.c.o   -c /usr/local/share/cmake-3.14/Modules/CheckFunctionExists.c
Linking C executable cmTC_38a62
/usr/local/bin/cmake -E cmake_link_script CMakeFiles/cmTC_38a62.dir/link.txt --verbose=1
/usr/bin/cc  -DCHECK_FUNCTION_EXISTS=pthread_create    CMakeFiles/cmTC_38a62.dir/CheckFunctionExists.c.o  -o cmTC_38a62 -lpthreads 
/usr/bin/ld: cannot find -lpthreads
collect2: error: ld returned 1 exit status
CMakeFiles/cmTC_38a62.dir/build.make:86: recipe for target 'cmTC_38a62' failed
make[1]: *** [cmTC_38a62] Error 1
make[1]: Leaving directory '/home/seba/Desktop/taller/TP4---Portal/CMakeFiles/CMakeTmp'
Makefile:121: recipe for target 'cmTC_38a62/fast' failed
make: *** [cmTC_38a62/fast] Error 2


